{"level":"error","message":"[WriterAgent] Failed to write \"Chinese ships halt attempt to exit Hormuz despite Iran safe passage assurances - Reuters\": Expected ',' or '}' after property value in JSON at position 1504","service":"ai-newsroom-backend","timestamp":"2026-03-28 12:03:41"}
{"level":"error","message":"[WriterAgent] Failed to write \"Chinese ships halt attempt to exit Hormuz despite Iran safe passage assurances - Reuters\": Expected ',' or '}' after property value in JSON at position 1515","service":"ai-newsroom-backend","timestamp":"2026-03-28 12:03:48"}
{"level":"error","message":"[WriterAgent] Failed to write \"Noida International Airport Inauguration: What’s Special About Delhi-NCR’s Second International Airport At Jewar? Top 10 Facts & Stunning Photos - The Times of India\": Expected ',' or '}' after property value in JSON at position 2849","service":"ai-newsroom-backend","timestamp":"2026-03-28 12:03:49"}
{"level":"error","message":"[WriterAgent] Failed to write \"Elon Musk Joined PM Modi-Trump Phone Call To Discuss Iran War: Report - NDTV\": Expected ',' or '}' after property value in JSON at position 3677","service":"ai-newsroom-backend","timestamp":"2026-03-28 12:03:53"}
{"level":"error","message":"[WriterAgent] Failed to write \"Former Nepal PM Oli, ex-Home Minister Lekhak arrested over Gen Z protest killings - The Hindu\": Expected ',' or '}' after property value in JSON at position 2448","service":"ai-newsroom-backend","timestamp":"2026-03-28 12:04:05"}
{"level":"error","message":"[WriterAgent] Failed to write \"Iran-linked hackers claim breach of FBI chief Kash Patel's emails, publish his resume | World News - Hindustan Times\": Expected ',' or '}' after property value in JSON at position 5206","service":"ai-newsroom-backend","timestamp":"2026-03-28 13:00:24"}
{"level":"error","message":"[WriterAgent] Failed to write \"Iran-linked hackers claim breach of FBI chief Kash Patel's emails, publish his resume | World News - Hindustan Times\": Expected ',' or '}' after property value in JSON at position 5950","service":"ai-newsroom-backend","timestamp":"2026-03-28 13:00:27"}
{"level":"error","message":"[WriterAgent] Failed to write \"Iran-linked hackers claim breach of FBI chief Kash Patel's emails, publish his resume | World News - Hindustan Times\": Expected ',' or '}' after property value in JSON at position 7323","service":"ai-newsroom-backend","timestamp":"2026-03-28 13:00:27"}
{"level":"error","message":"[WriterAgent] Failed to write \"Iran-linked hackers claim breach of FBI chief Kash Patel's emails, publish his resume | World News - Hindustan Times\": Expected ',' or '}' after property value in JSON at position 6064","service":"ai-newsroom-backend","timestamp":"2026-03-28 13:00:27"}
{"level":"error","message":"[WriterAgent] Failed to write \"Iran strikes Prince Sultan Air Base in Saudi Arabia: At least 10 US troops injured, two critical — What we know so far - Mint\": Expected ',' or '}' after property value in JSON at position 3023","service":"ai-newsroom-backend","timestamp":"2026-03-28 13:04:27"}
{"level":"error","message":"[Firebase] Initialization failed: Failed to parse private key: Error: Invalid PEM formatted message.","service":"ai-newsroom-backend","timestamp":"2026-03-28 14:23:57"}
{"level":"error","message":"[Firebase] Initialization failed: Failed to parse private key: Error: Invalid PEM formatted message.","service":"ai-newsroom-backend","timestamp":"2026-03-28 14:23:57"}
{"level":"error","message":"[Firebase] Initialization failed: Failed to parse private key: Error: Invalid PEM formatted message.","service":"ai-newsroom-backend","timestamp":"2026-03-28 14:23:57"}
{"level":"error","message":"[Firebase] Initialization failed: Failed to parse private key: Error: Invalid PEM formatted message.","service":"ai-newsroom-backend","timestamp":"2026-03-28 14:23:57"}
{"level":"error","message":"[Firebase] Initialization failed: Failed to parse private key: Error: Invalid PEM formatted message.","service":"ai-newsroom-backend","timestamp":"2026-03-28 14:23:57"}
{"level":"error","message":"[Firebase] Initialization failed: Failed to parse private key: Error: Invalid PEM formatted message.","service":"ai-newsroom-backend","timestamp":"2026-03-28 14:24:16"}
{"level":"error","message":"[Firebase] Initialization failed: Failed to parse private key: Error: Invalid PEM formatted message.","service":"ai-newsroom-backend","timestamp":"2026-03-28 14:24:16"}
{"level":"error","message":"[Firebase] Initialization failed: Failed to parse private key: Error: Invalid PEM formatted message.","service":"ai-newsroom-backend","timestamp":"2026-03-28 14:24:16"}
{"level":"error","message":"[Firebase] Initialization failed: Failed to parse private key: Error: Invalid PEM formatted message.","service":"ai-newsroom-backend","timestamp":"2026-03-28 14:24:16"}
{"level":"error","message":"[Firebase] Initialization failed: Failed to parse private key: Error: Invalid PEM formatted message.","service":"ai-newsroom-backend","timestamp":"2026-03-28 14:24:16"}
{"level":"error","message":"[WriterAgent] Failed to write \"One month into Iran war, only hard choices for Trump - Reuters\": Expected ',' or '}' after property value in JSON at position 863","service":"ai-newsroom-backend","timestamp":"2026-03-28 14:24:31"}
{"level":"error","message":"[Firebase] Initialization failed: Failed to parse private key: Error: Invalid PEM formatted message.","service":"ai-newsroom-backend","timestamp":"2026-03-28 14:25:01"}
{"level":"error","message":"[Firebase] Initialization failed: Failed to parse private key: Error: Invalid PEM formatted message.","service":"ai-newsroom-backend","timestamp":"2026-03-28 14:25:01"}
{"level":"error","message":"[Firebase] Initialization failed: Failed to parse private key: Error: Invalid PEM formatted message.","service":"ai-newsroom-backend","timestamp":"2026-03-28 14:25:01"}
{"level":"error","message":"[Firebase] Initialization failed: Failed to parse private key: Error: Invalid PEM formatted message.","service":"ai-newsroom-backend","timestamp":"2026-03-28 14:25:01"}
{"level":"error","message":"[Firebase] Initialization failed: Failed to parse private key: Error: Invalid PEM formatted message.","service":"ai-newsroom-backend","timestamp":"2026-03-28 14:25:01"}
{"level":"error","message":"[Firebase] Initialization failed: Failed to parse private key: Error: Invalid PEM formatted message.","service":"ai-newsroom-backend","timestamp":"2026-03-28 14:25:17"}
{"level":"error","message":"[Firebase] Initialization failed: Failed to parse private key: Error: Invalid PEM formatted message.","service":"ai-newsroom-backend","timestamp":"2026-03-28 14:25:17"}
{"level":"error","message":"[Firebase] Initialization failed: Failed to parse private key: Error: Invalid PEM formatted message.","service":"ai-newsroom-backend","timestamp":"2026-03-28 14:25:17"}
{"level":"error","message":"[Firebase] Initialization failed: Failed to parse private key: Error: Invalid PEM formatted message.","service":"ai-newsroom-backend","timestamp":"2026-03-28 14:25:17"}
{"level":"error","message":"[Firebase] Initialization failed: Failed to parse private key: Error: Invalid PEM formatted message.","service":"ai-newsroom-backend","timestamp":"2026-03-28 14:25:17"}
{"level":"error","message":"[Firebase] Initialization failed: Failed to parse private key: Error: Invalid PEM formatted message.","service":"ai-newsroom-backend","timestamp":"2026-03-28 14:25:33"}
{"level":"error","message":"[Firebase] Initialization failed: Failed to parse private key: Error: Invalid PEM formatted message.","service":"ai-newsroom-backend","timestamp":"2026-03-28 14:25:33"}
{"level":"error","message":"[Firebase] Initialization failed: Failed to parse private key: Error: Invalid PEM formatted message.","service":"ai-newsroom-backend","timestamp":"2026-03-28 14:25:33"}
{"level":"error","message":"[Firebase] Initialization failed: Failed to parse private key: Error: Invalid PEM formatted message.","service":"ai-newsroom-backend","timestamp":"2026-03-28 14:25:33"}
{"level":"error","message":"[Firebase] Initialization failed: Failed to parse private key: Error: Invalid PEM formatted message.","service":"ai-newsroom-backend","timestamp":"2026-03-28 14:25:33"}
{"level":"error","message":"[Firebase] Initialization failed: Failed to parse private key: Error: Invalid PEM formatted message.","service":"ai-newsroom-backend","timestamp":"2026-03-28 14:58:27"}
{"level":"error","message":"[Firebase] Initialization failed: Failed to parse private key: Error: Invalid PEM formatted message.","service":"ai-newsroom-backend","timestamp":"2026-03-28 15:17:09"}
{"level":"error","message":"[Firebase] Initialization failed: Failed to parse private key: Error: Invalid PEM formatted message.","service":"ai-newsroom-backend","timestamp":"2026-03-28 15:17:27"}
{"level":"error","message":"[Firebase] Initialization failed: Failed to parse private key: Error: Invalid PEM formatted message.","service":"ai-newsroom-backend","timestamp":"2026-03-28 15:17:36"}
{"level":"error","message":"[Firebase] Initialization failed: Failed to parse private key: Error: Invalid PEM formatted message.","service":"ai-newsroom-backend","timestamp":"2026-03-28 15:17:48"}
{"level":"error","message":"[Firebase] Initialization failed: Failed to parse private key: Error: Invalid PEM formatted message.","service":"ai-newsroom-backend","timestamp":"2026-03-28 15:22:25"}
{"level":"error","message":"[WriterAgent] Failed to write \"Markets drown in Red Sea: Rupee bleeds, bears maul Street - The Economic Times\": Expected ',' or '}' after property value in JSON at position 1403","service":"ai-newsroom-backend","timestamp":"2026-03-28 15:25:52"}
{"level":"error","message":"[Firebase] Initialization failed: Failed to parse private key: Error: Invalid PEM formatted message.","service":"ai-newsroom-backend","timestamp":"2026-03-28 15:29:18"}
{"level":"error","message":"[Firebase] Initialization failed: Failed to parse private key: Error: Invalid PEM formatted message.","service":"ai-newsroom-backend","timestamp":"2026-03-28 15:50:42"}
{"level":"error","message":"[Firebase] Initialization failed: Failed to parse private key: Error: Invalid PEM formatted message.","service":"ai-newsroom-backend","timestamp":"2026-03-28 15:51:01"}
{"level":"error","message":"[Firebase] Initialization failed: Failed to parse private key: Error: Invalid PEM formatted message.","service":"ai-newsroom-backend","timestamp":"2026-03-28 15:51:20"}
{"level":"error","message":"[Firebase] Initialization failed: Failed to parse private key: Error: Invalid PEM formatted message.","service":"ai-newsroom-backend","timestamp":"2026-03-28 15:51:59"}
{"level":"error","message":"[Firebase] Initialization failed: Failed to parse private key: Error: Invalid PEM formatted message.","service":"ai-newsroom-backend","timestamp":"2026-03-28 15:57:25"}
{"level":"error","message":"[PublisherAgent] Failed to save \"Noida International Airport Inaugurated: Catalyzing Uttar Pradesh's Economic Boom & Global Connectivity\": slug is not defined","service":"ai-newsroom-backend","timestamp":"2026-03-28 15:58:59"}
{"level":"error","message":"[Firebase] Initialization failed: Failed to parse private key: Error: Invalid PEM formatted message.","service":"ai-newsroom-backend","timestamp":"2026-03-28 16:01:47"}
{"level":"error","message":"[WriterAgent] Failed to write \"PM Modi inaugurates Noida International Airport - The Hindu\": Bad control character in string literal in JSON at position 799","service":"ai-newsroom-backend","timestamp":"2026-03-28 16:05:32"}
{"level":"error","message":"[Firebase] Initialization failed: Failed to parse private key: Error: Invalid PEM formatted message.","service":"ai-newsroom-backend","timestamp":"2026-03-28 16:09:15"}
{"level":"error","message":"[Firebase] Initialization failed: Failed to parse private key: Error: Invalid PEM formatted message.","service":"ai-newsroom-backend","timestamp":"2026-03-28 16:13:06"}
{"level":"error","message":"[WriterAgent] Failed to write \"How Pakistan put itself in the middle of US-Iran peace talks - Financial Times\": Expected ',' or '}' after property value in JSON at position 3992","service":"ai-newsroom-backend","timestamp":"2026-03-28 16:43:42"}
{"level":"error","message":"[Firebase] Initialization failed: Failed to parse private key: Error: Invalid PEM formatted message.","service":"ai-newsroom-backend","timestamp":"2026-03-28 17:38:39"}
{"level":"error","message":"[Firebase] Initialization failed: Failed to parse private key: Error: Invalid PEM formatted message.","service":"ai-newsroom-backend","timestamp":"2026-03-28 17:42:08"}
{"level":"error","message":"[Firebase] Initialization failed: Failed to parse private key: Error: Invalid PEM formatted message.","service":"ai-newsroom-backend","timestamp":"2026-03-30 10:03:19"}
{"level":"error","message":"[Firebase] Initialization failed: Failed to parse private key: Error: Invalid PEM formatted message.","service":"ai-newsroom-backend","timestamp":"2026-03-30 10:09:16"}
{"level":"error","message":"[Firebase] Initialization failed: Failed to parse private key: Error: Invalid PEM formatted message.","service":"ai-newsroom-backend","timestamp":"2026-03-30 10:33:49"}
{"level":"error","message":"[Firebase] Initialization failed: Failed to parse private key: Error: Invalid PEM formatted message.","service":"ai-newsroom-backend","timestamp":"2026-03-30 10:33:57"}
{"level":"error","message":"[Firebase] Initialization failed: Failed to parse private key: Error: Invalid PEM formatted message.","service":"ai-newsroom-backend","timestamp":"2026-03-30 10:34:11"}
{"level":"error","message":"[Firebase] Initialization failed: Failed to parse private key: Error: Invalid PEM formatted message.","service":"ai-newsroom-backend","timestamp":"2026-03-30 10:34:18"}
{"level":"error","message":"[Firebase] Initialization failed: Failed to parse private key: Error: Invalid PEM formatted message.","service":"ai-newsroom-backend","timestamp":"2026-03-30 10:34:53"}
{"level":"error","message":"[Firebase] Initialization failed: Failed to parse private key: Error: Invalid PEM formatted message.","service":"ai-newsroom-backend","timestamp":"2026-03-30 10:35:58"}
{"level":"error","message":"[Firebase] Initialization failed: Failed to parse private key: Error: Invalid PEM formatted message.","service":"ai-newsroom-backend","timestamp":"2026-03-30 10:36:17"}
{"level":"error","message":"[Firebase] Initialization failed: Failed to parse private key: Error: Invalid PEM formatted message.","service":"ai-newsroom-backend","timestamp":"2026-03-30 10:36:23"}
{"level":"error","message":"[Firebase] Initialization failed: Failed to parse private key: Error: Invalid PEM formatted message.","service":"ai-newsroom-backend","timestamp":"2026-03-30 10:36:30"}
{"level":"error","message":"[Firebase] Initialization failed: Failed to parse private key: Error: Invalid PEM formatted message.","service":"ai-newsroom-backend","timestamp":"2026-03-30 10:36:41"}
{"level":"error","message":"[Firebase] Initialization failed: Failed to parse private key: Error: Invalid PEM formatted message.","service":"ai-newsroom-backend","timestamp":"2026-03-30 10:39:56"}
{"level":"error","message":"[Firebase] Initialization failed: Failed to parse private key: Error: Invalid PEM formatted message.","service":"ai-newsroom-backend","timestamp":"2026-03-30 10:44:02"}
{"level":"error","message":"[Firebase] Initialization failed: Failed to parse private key: Error: Invalid PEM formatted message.","service":"ai-newsroom-backend","timestamp":"2026-03-30 10:47:22"}
{"level":"error","message":"[Firebase] Initialization failed: Failed to parse private key: Error: Invalid PEM formatted message.","service":"ai-newsroom-backend","timestamp":"2026-03-30 10:47:46"}
{"level":"error","message":"[Firebase] Initialization failed: Failed to parse private key: Error: Invalid PEM formatted message.","service":"ai-newsroom-backend","timestamp":"2026-03-30 10:50:43"}
{"level":"error","message":"[Firebase] Initialization failed: Failed to parse private key: Error: Invalid PEM formatted message.","service":"ai-newsroom-backend","timestamp":"2026-03-30 11:25:26"}
{"level":"error","message":"[Firebase] Initialization failed: Failed to parse private key: Error: Invalid PEM formatted message.","service":"ai-newsroom-backend","timestamp":"2026-03-30 11:26:43"}
{"level":"error","message":"[Firebase] Initialization failed: Failed to parse private key: Error: Invalid PEM formatted message.","service":"ai-newsroom-backend","timestamp":"2026-03-30 11:26:48"}
{"level":"error","message":"[Firebase] Initialization failed: Failed to parse private key: Error: Invalid PEM formatted message.","service":"ai-newsroom-backend","timestamp":"2026-03-30 11:26:59"}
{"level":"error","message":"[Firebase] Initialization failed: Failed to parse private key: Error: Invalid PEM formatted message.","service":"ai-newsroom-backend","timestamp":"2026-03-30 11:27:08"}
{"level":"error","message":"[WriterAgent] Failed to write \"Kharg of the US brigade: Pentagon lines up troops to capture Iranian island that accounts for 90 per cent of its oil exports - The Times of India\": Bad control character in string literal in JSON at position 822","service":"ai-newsroom-backend","timestamp":"2026-03-30 11:27:27"}
{"level":"error","message":"[Firebase] Initialization failed: Failed to parse private key: Error: Invalid PEM formatted message.","service":"ai-newsroom-backend","timestamp":"2026-03-30 11:27:33"}
{"level":"error","message":"[Firebase] Initialization failed: Failed to parse private key: Error: Invalid PEM formatted message.","service":"ai-newsroom-backend","timestamp":"2026-03-30 11:34:45"}
{"level":"error","message":"[Firebase] Initialization failed: Failed to parse private key: Error: Invalid PEM formatted message.","service":"ai-newsroom-backend","timestamp":"2026-03-30 11:35:44"}
{"level":"error","message":"[Firebase] Initialization failed: Failed to parse private key: Error: Invalid PEM formatted message.","service":"ai-newsroom-backend","timestamp":"2026-03-30 11:41:52"}
{"level":"error","message":"[Firebase] Initialization failed: Failed to parse private key: Error: Invalid PEM formatted message.","service":"ai-newsroom-backend","timestamp":"2026-03-30 11:41:58"}
{"level":"error","message":"[Firebase] Initialization failed: Failed to parse private key: Error: Invalid PEM formatted message.","service":"ai-newsroom-backend","timestamp":"2026-03-30 11:42:14"}
{"level":"error","message":"[Firebase] Initialization failed: Failed to parse private key: Error: Invalid PEM formatted message.","service":"ai-newsroom-backend","timestamp":"2026-03-30 11:44:35"}
{"level":"error","message":"[Firebase] Initialization failed: Failed to parse private key: Error: Invalid PEM formatted message.","service":"ai-newsroom-backend","timestamp":"2026-03-30 11:44:41"}
{"level":"error","message":"[Firebase] Initialization failed: Failed to parse private key: Error: Invalid PEM formatted message.","service":"ai-newsroom-backend","timestamp":"2026-03-30 11:48:48"}
{"level":"error","message":"[Firebase] Initialization failed: Failed to parse private key: Error: Invalid PEM formatted message.","service":"ai-newsroom-backend","timestamp":"2026-03-30 11:48:52"}
{"level":"error","message":"[Firebase] Initialization failed: Failed to parse private key: Error: Invalid PEM formatted message.","service":"ai-newsroom-backend","timestamp":"2026-03-30 11:58:34"}
{"level":"error","message":"[Firebase] Initialization failed: Failed to parse private key: Error: Invalid PEM formatted message.","service":"ai-newsroom-backend","timestamp":"2026-03-30 11:58:50"}
{"level":"error","message":"[Firebase] Initialization failed: Failed to parse private key: Error: Invalid PEM formatted message.","service":"ai-newsroom-backend","timestamp":"2026-03-30 12:06:58"}
{"level":"error","message":"[Firebase] Initialization failed: Failed to parse private key: Error: Invalid PEM formatted message.","service":"ai-newsroom-backend","timestamp":"2026-03-30 12:07:27"}
{"level":"error","message":"[Firebase] Initialization failed: Failed to parse private key: Error: Invalid PEM formatted message.","service":"ai-newsroom-backend","timestamp":"2026-03-30 12:10:38"}
{"level":"error","message":"[Firebase] Initialization failed: Failed to parse private key: Error: Invalid PEM formatted message.","service":"ai-newsroom-backend","timestamp":"2026-03-30 12:11:02"}
{"level":"error","message":"[Firebase] Initialization failed: Failed to parse private key: Error: Invalid PEM formatted message.","service":"ai-newsroom-backend","timestamp":"2026-03-30 12:37:56"}
{"level":"error","message":"[Firebase] Initialization failed: Failed to parse private key: Error: Invalid PEM formatted message.","service":"ai-newsroom-backend","timestamp":"2026-03-30 12:38:46"}
{"level":"error","message":"[Firebase] Initialization failed: Failed to parse private key: Error: Invalid PEM formatted message.","service":"ai-newsroom-backend","timestamp":"2026-03-30 12:44:45"}
{"level":"error","message":"[Firebase] Initialization failed: Failed to parse private key: Error: Invalid PEM formatted message.","service":"ai-newsroom-backend","timestamp":"2026-03-30 12:45:40"}
{"level":"error","message":"[Firebase] Initialization failed: Failed to parse private key: Error: Invalid PEM formatted message.","service":"ai-newsroom-backend","timestamp":"2026-03-30 12:47:38"}
{"level":"error","message":"[Firebase] Initialization failed: Failed to parse private key: Error: Invalid PEM formatted message.","service":"ai-newsroom-backend","timestamp":"2026-03-30 12:58:00"}
{"level":"error","message":"[Firebase] Initialization failed: Failed to parse private key: Error: Invalid PEM formatted message.","service":"ai-newsroom-backend","timestamp":"2026-03-30 12:58:06"}
{"level":"error","message":"[WriterAgent] Failed to write \"5 Takeaways From the ‘No Kings’ Rallies as the Midterms Heat Up - The New York Times\": Bad control character in string literal in JSON at position 916","service":"ai-newsroom-backend","timestamp":"2026-03-30 13:00:10"}
{"level":"error","message":"[Firebase] Initialization failed: Failed to parse private key: Error: Invalid PEM formatted message.","service":"ai-newsroom-backend","timestamp":"2026-03-30 13:09:21"}
{"level":"error","message":"[Firebase] Initialization failed: Failed to parse private key: Error: Invalid PEM formatted message.","service":"ai-newsroom-backend","timestamp":"2026-03-30 15:16:29"}
{"level":"error","message":"[Firebase] Initialization failed: Failed to parse private key: Error: Invalid PEM formatted message.","service":"ai-newsroom-backend","timestamp":"2026-03-30 23:52:12"}
{"level":"error","message":"[Firebase] Initialization failed: Failed to parse private key: Error: Invalid PEM formatted message.","service":"ai-newsroom-backend","timestamp":"2026-03-30 23:53:36"}
{"level":"error","message":"[Firebase] Initialization failed: Failed to parse private key: Error: Invalid PEM formatted message.","service":"ai-newsroom-backend","timestamp":"2026-03-30 23:59:13"}
{"level":"error","message":"[Firebase] Initialization failed: Failed to parse private key: Error: Invalid PEM formatted message.","service":"ai-newsroom-backend","timestamp":"2026-03-31 01:22:39"}
{"level":"error","message":"[Firebase] Initialization failed: Failed to parse private key: Error: Invalid PEM formatted message.","service":"ai-newsroom-backend","timestamp":"2026-03-31 01:23:06"}
